0 info it worked if it ends with ok
1 verbose cli [ 'C:\\Program Files\\nodejs\\node.exe',
1 verbose cli   'C:\\Program Files\\nodejs\\node_modules\\npm\\bin\\npm-cli.js',
1 verbose cli   'install',
1 verbose cli   '--save',
1 verbose cli   'pdfjs-lib' ]
2 info using npm@2.15.9
3 info using node@v4.6.0
4 verbose install initial load of D:\www\project_real\meteor-login\pdfclient\package.json
5 verbose installManyTop reading scoped package data from D:\www\project_real\meteor-login\pdfclient\node_modules\asap\package.json
6 verbose installManyTop reading scoped package data from D:\www\project_real\meteor-login\pdfclient\node_modules\babel-runtime\package.json
7 verbose installManyTop reading scoped package data from D:\www\project_real\meteor-login\pdfclient\node_modules\classnames\package.json
8 verbose installManyTop reading scoped package data from D:\www\project_real\meteor-login\pdfclient\node_modules\core-js\package.json
9 verbose installManyTop reading scoped package data from D:\www\project_real\meteor-login\pdfclient\node_modules\create-react-class\package.json
10 verbose installManyTop reading scoped package data from D:\www\project_real\meteor-login\pdfclient\node_modules\dom-helpers\package.json
11 verbose installManyTop reading scoped package data from D:\www\project_real\meteor-login\pdfclient\node_modules\encoding\package.json
12 verbose installManyTop reading scoped package data from D:\www\project_real\meteor-login\pdfclient\node_modules\fbjs\package.json
13 verbose installManyTop reading scoped package data from D:\www\project_real\meteor-login\pdfclient\node_modules\history\package.json
14 verbose installManyTop reading scoped package data from D:\www\project_real\meteor-login\pdfclient\node_modules\hoist-non-react-statics\package.json
15 verbose installManyTop reading scoped package data from D:\www\project_real\meteor-login\pdfclient\node_modules\iconv-lite\package.json
16 verbose installManyTop reading scoped package data from D:\www\project_real\meteor-login\pdfclient\node_modules\invariant\package.json
17 verbose installManyTop reading scoped package data from D:\www\project_real\meteor-login\pdfclient\node_modules\is-stream\package.json
18 verbose installManyTop reading scoped package data from D:\www\project_real\meteor-login\pdfclient\node_modules\isarray\package.json
19 verbose installManyTop reading scoped package data from D:\www\project_real\meteor-login\pdfclient\node_modules\isomorphic-fetch\package.json
20 verbose installManyTop reading scoped package data from D:\www\project_real\meteor-login\pdfclient\node_modules\js-tokens\package.json
21 verbose installManyTop reading scoped package data from D:\www\project_real\meteor-login\pdfclient\node_modules\keycode\package.json
22 verbose installManyTop reading scoped package data from D:\www\project_real\meteor-login\pdfclient\node_modules\loose-envify\package.json
23 verbose installManyTop reading scoped package data from D:\www\project_real\meteor-login\pdfclient\node_modules\meteor-node-stubs\package.json
24 verbose installManyTop reading scoped package data from D:\www\project_real\meteor-login\pdfclient\node_modules\node-fetch\package.json
25 verbose installManyTop reading scoped package data from D:\www\project_real\meteor-login\pdfclient\node_modules\object-assign\package.json
26 verbose installManyTop reading scoped package data from D:\www\project_real\meteor-login\pdfclient\node_modules\path-to-regexp\package.json
27 verbose installManyTop reading scoped package data from D:\www\project_real\meteor-login\pdfclient\node_modules\promise\package.json
28 verbose installManyTop reading scoped package data from D:\www\project_real\meteor-login\pdfclient\node_modules\prop-types\package.json
29 verbose installManyTop reading scoped package data from D:\www\project_real\meteor-login\pdfclient\node_modules\react\package.json
30 verbose installManyTop reading scoped package data from D:\www\project_real\meteor-login\pdfclient\node_modules\react-bootstrap\package.json
31 verbose installManyTop reading scoped package data from D:\www\project_real\meteor-login\pdfclient\node_modules\react-dom\package.json
32 verbose installManyTop reading scoped package data from D:\www\project_real\meteor-login\pdfclient\node_modules\react-overlays\package.json
33 verbose installManyTop reading scoped package data from D:\www\project_real\meteor-login\pdfclient\node_modules\react-prop-types\package.json
34 verbose installManyTop reading scoped package data from D:\www\project_real\meteor-login\pdfclient\node_modules\react-router\package.json
35 verbose installManyTop reading scoped package data from D:\www\project_real\meteor-login\pdfclient\node_modules\regenerator-runtime\package.json
36 verbose installManyTop reading scoped package data from D:\www\project_real\meteor-login\pdfclient\node_modules\resolve-pathname\package.json
37 verbose installManyTop reading scoped package data from D:\www\project_real\meteor-login\pdfclient\node_modules\setimmediate\package.json
38 verbose installManyTop reading scoped package data from D:\www\project_real\meteor-login\pdfclient\node_modules\ua-parser-js\package.json
39 verbose installManyTop reading scoped package data from D:\www\project_real\meteor-login\pdfclient\node_modules\uncontrollable\package.json
40 verbose installManyTop reading scoped package data from D:\www\project_real\meteor-login\pdfclient\node_modules\value-equal\package.json
41 verbose installManyTop reading scoped package data from D:\www\project_real\meteor-login\pdfclient\node_modules\warning\package.json
42 verbose installManyTop reading scoped package data from D:\www\project_real\meteor-login\pdfclient\node_modules\whatwg-fetch\package.json
43 info package.json hoist-non-react-statics@1.2.0 No license field.
44 verbose readDependencies loading dependencies from D:\www\project_real\meteor-login\pdfclient\package.json
45 silly cache add args [ 'pdfjs-lib', null ]
46 verbose cache add spec pdfjs-lib
47 silly cache add parsed spec Result {
47 silly cache add   raw: 'pdfjs-lib',
47 silly cache add   scope: null,
47 silly cache add   name: 'pdfjs-lib',
47 silly cache add   rawSpec: '',
47 silly cache add   spec: 'latest',
47 silly cache add   type: 'tag' }
48 silly addNamed pdfjs-lib@latest
49 verbose addNamed "latest" is being treated as a dist-tag for pdfjs-lib
50 info addNameTag [ 'pdfjs-lib', 'latest' ]
51 silly mapToRegistry name pdfjs-lib
52 silly mapToRegistry using default registry
53 silly mapToRegistry registry https://registry.npmjs.org/
54 silly mapToRegistry data Result {
54 silly mapToRegistry   raw: 'pdfjs-lib',
54 silly mapToRegistry   scope: null,
54 silly mapToRegistry   name: 'pdfjs-lib',
54 silly mapToRegistry   rawSpec: '',
54 silly mapToRegistry   spec: 'latest',
54 silly mapToRegistry   type: 'tag' }
55 silly mapToRegistry uri https://registry.npmjs.org/pdfjs-lib
56 verbose addNameTag registry:https://registry.npmjs.org/pdfjs-lib not in flight; fetching
57 verbose request uri https://registry.npmjs.org/pdfjs-lib
58 verbose request no auth needed
59 info attempt registry request try #1 at 09:32:07
60 verbose request id 4056ae622f8686e6
61 http request GET https://registry.npmjs.org/pdfjs-lib
62 http 404 https://registry.npmjs.org/pdfjs-lib
63 verbose headers { 'content-type': 'application/json',
63 verbose headers   'cache-control': 'max-age=0',
63 verbose headers   'content-length': '2',
63 verbose headers   'accept-ranges': 'bytes',
63 verbose headers   date: 'Thu, 22 Jun 2017 02:32:11 GMT',
63 verbose headers   via: '1.1 varnish',
63 verbose headers   age: '0',
63 verbose headers   connection: 'keep-alive',
63 verbose headers   'x-served-by': 'cache-sin18021-SIN',
63 verbose headers   'x-cache': 'MISS',
63 verbose headers   'x-cache-hits': '0',
63 verbose headers   'x-timer': 'S1498098731.643882,VS0,VE1142',
63 verbose headers   vary: 'Accept-Encoding' }
64 silly get cb [ 404,
64 silly get   { 'content-type': 'application/json',
64 silly get     'cache-control': 'max-age=0',
64 silly get     'content-length': '2',
64 silly get     'accept-ranges': 'bytes',
64 silly get     date: 'Thu, 22 Jun 2017 02:32:11 GMT',
64 silly get     via: '1.1 varnish',
64 silly get     age: '0',
64 silly get     connection: 'keep-alive',
64 silly get     'x-served-by': 'cache-sin18021-SIN',
64 silly get     'x-cache': 'MISS',
64 silly get     'x-cache-hits': '0',
64 silly get     'x-timer': 'S1498098731.643882,VS0,VE1142',
64 silly get     vary: 'Accept-Encoding' } ]
65 verbose stack Error: Registry returned 404 for GET on https://registry.npmjs.org/pdfjs-lib
65 verbose stack     at makeError (C:\Program Files\nodejs\node_modules\npm\node_modules\npm-registry-client\lib\request.js:264:12)
65 verbose stack     at CachingRegistryClient.<anonymous> (C:\Program Files\nodejs\node_modules\npm\node_modules\npm-registry-client\lib\request.js:242:14)
65 verbose stack     at Request._callback (C:\Program Files\nodejs\node_modules\npm\node_modules\npm-registry-client\lib\request.js:172:14)
65 verbose stack     at Request.self.callback (C:\Program Files\nodejs\node_modules\npm\node_modules\request\request.js:200:22)
65 verbose stack     at emitTwo (events.js:87:13)
65 verbose stack     at Request.emit (events.js:172:7)
65 verbose stack     at Request.<anonymous> (C:\Program Files\nodejs\node_modules\npm\node_modules\request\request.js:1067:10)
65 verbose stack     at emitOne (events.js:82:20)
65 verbose stack     at Request.emit (events.js:169:7)
65 verbose stack     at IncomingMessage.<anonymous> (C:\Program Files\nodejs\node_modules\npm\node_modules\request\request.js:988:12)
66 verbose statusCode 404
67 verbose pkgid pdfjs-lib
68 verbose cwd D:\www\project_real\meteor-login\pdfclient
69 error Windows_NT 10.0.14393
70 error argv "C:\\Program Files\\nodejs\\node.exe" "C:\\Program Files\\nodejs\\node_modules\\npm\\bin\\npm-cli.js" "install" "--save" "pdfjs-lib"
71 error node v4.6.0
72 error npm  v2.15.9
73 error code E404
74 error 404 Registry returned 404 for GET on https://registry.npmjs.org/pdfjs-lib
74 error 404
74 error 404 'pdfjs-lib' is not in the npm registry.
74 error 404 You should bug the author to publish it (or use the name yourself!)
74 error 404 It was specified as a dependency of 'hello'
74 error 404
74 error 404 Note that you can also install from a
74 error 404 tarball, folder, http url, or git url.
75 verbose exit [ 1, true ]
